<?xml version="1.0" encoding="UTF-8"?>
<testng-results skipped="0" failed="0" total="4" passed="4">
  <reporter-output>
  </reporter-output>
  <suite name="Live Test Cases Suite" duration-ms="353811" started-at="2016-05-11T13:59:19Z" finished-at="2016-05-11T14:05:13Z">
    <groups>
    </groups>
    <test name="Live Tests" duration-ms="353811" started-at="2016-05-11T13:59:19Z" finished-at="2016-05-11T14:05:13Z">
      <class name="com.SchoolOfDragons.QaLoginChecks.TestCase1">
        <test-method status="PASS" signature="setUp()[pri:0, instance:com.SchoolOfDragons.QaLoginChecks.TestCase1@724af044]" name="setUp" is-config="true" duration-ms="1760" started-at="2016-05-11T19:29:19Z" finished-at="2016-05-11T19:29:21Z">
          <reporter-output>
          </reporter-output>
        </test-method> <!-- setUp -->
        <test-method status="PASS" signature="ValidAuthorisedPlayerLogin(java.lang.String)[pri:0, instance:com.SchoolOfDragons.QaLoginChecks.TestCase1@724af044]" name="ValidAuthorisedPlayerLogin" duration-ms="58105" started-at="2016-05-11T19:29:21Z" finished-at="2016-05-11T19:30:19Z">
          <params>
            <param index="0">
              <value>
                <![CDATA[Live Test Cases]]>
              </value>
            </param>
          </params>
          <reporter-output>
          </reporter-output>
        </test-method> <!-- ValidAuthorisedPlayerLogin -->
        <test-method status="PASS" signature="tearDown()[pri:0, instance:com.SchoolOfDragons.QaLoginChecks.TestCase1@724af044]" name="tearDown" is-config="true" duration-ms="220" started-at="2016-05-11T19:30:19Z" finished-at="2016-05-11T19:30:20Z">
          <reporter-output>
          </reporter-output>
        </test-method> <!-- tearDown -->
        <test-method status="PASS" signature="afterTest(org.testng.ITestResult)[pri:0, instance:com.SchoolOfDragons.QaLoginChecks.TestCase1@724af044]" name="afterTest" is-config="true" duration-ms="0" started-at="2016-05-11T19:30:19Z" finished-at="2016-05-11T19:30:19Z">
          <params>
            <param index="0">
              <value>
                <![CDATA[[TestResult name=ValidAuthorisedPlayerLogin status=SUCCESS method=TestCase1.ValidAuthorisedPlayerLogin(java.lang.String)[pri:0, instance:com.SchoolOfDragons.QaLoginChecks.TestCase1@724af044] output={null}]]]>
              </value>
            </param>
          </params>
          <reporter-output>
          </reporter-output>
        </test-method> <!-- afterTest -->
        <test-method status="PASS" signature="printReportPath()[pri:0, instance:com.SchoolOfDragons.QaLoginChecks.TestCase1@724af044]" name="printReportPath" is-config="true" duration-ms="83808" started-at="2016-05-11T19:33:49Z" finished-at="2016-05-11T19:35:13Z">
          <reporter-output>
          </reporter-output>
        </test-method> <!-- printReportPath -->
      </class> <!-- com.SchoolOfDragons.QaLoginChecks.TestCase1 -->
      <class name="com.SchoolOfDragons.QaLoginChecks.TestCase2">
        <test-method status="PASS" signature="setUp()[pri:0, instance:com.SchoolOfDragons.QaLoginChecks.TestCase2@4678c730]" name="setUp" is-config="true" duration-ms="222" started-at="2016-05-11T19:30:20Z" finished-at="2016-05-11T19:30:20Z">
          <reporter-output>
          </reporter-output>
        </test-method> <!-- setUp -->
        <test-method status="PASS" signature="ValidAuthorisedParentLogin(java.lang.String)[pri:0, instance:com.SchoolOfDragons.QaLoginChecks.TestCase2@4678c730]" name="ValidAuthorisedParentLogin" duration-ms="57881" started-at="2016-05-11T19:30:20Z" finished-at="2016-05-11T19:31:18Z">
          <params>
            <param index="0">
              <value>
                <![CDATA[Live Test Cases]]>
              </value>
            </param>
          </params>
          <reporter-output>
          </reporter-output>
        </test-method> <!-- ValidAuthorisedParentLogin -->
        <test-method status="PASS" signature="afterTest(org.testng.ITestResult)[pri:0, instance:com.SchoolOfDragons.QaLoginChecks.TestCase2@4678c730]" name="afterTest" is-config="true" duration-ms="1" started-at="2016-05-11T19:31:18Z" finished-at="2016-05-11T19:31:18Z">
          <params>
            <param index="0">
              <value>
                <![CDATA[[TestResult name=ValidAuthorisedParentLogin status=SUCCESS method=TestCase2.ValidAuthorisedParentLogin(java.lang.String)[pri:0, instance:com.SchoolOfDragons.QaLoginChecks.TestCase2@4678c730] output={null}]]]>
              </value>
            </param>
          </params>
          <reporter-output>
          </reporter-output>
        </test-method> <!-- afterTest -->
        <test-method status="PASS" signature="tearDown()[pri:0, instance:com.SchoolOfDragons.QaLoginChecks.TestCase2@4678c730]" name="tearDown" is-config="true" duration-ms="51" started-at="2016-05-11T19:31:18Z" finished-at="2016-05-11T19:31:18Z">
          <reporter-output>
          </reporter-output>
        </test-method> <!-- tearDown -->
      </class> <!-- com.SchoolOfDragons.QaLoginChecks.TestCase2 -->
      <class name="com.SchoolOfDragons.QaLoginChecks.TestCase3">
        <test-method status="PASS" signature="setUp()[pri:0, instance:com.SchoolOfDragons.QaLoginChecks.TestCase3@6767c1fc]" name="setUp" is-config="true" duration-ms="391" started-at="2016-05-11T19:31:18Z" finished-at="2016-05-11T19:31:18Z">
          <reporter-output>
          </reporter-output>
        </test-method> <!-- setUp -->
        <test-method status="PASS" signature="ValidNonAuthorisedParentLogin(java.lang.String)[pri:0, instance:com.SchoolOfDragons.QaLoginChecks.TestCase3@6767c1fc]" name="ValidNonAuthorisedParentLogin" duration-ms="77018" started-at="2016-05-11T19:31:18Z" finished-at="2016-05-11T19:32:35Z">
          <params>
            <param index="0">
              <value>
                <![CDATA[Live Test Cases]]>
              </value>
            </param>
          </params>
          <reporter-output>
          </reporter-output>
        </test-method> <!-- ValidNonAuthorisedParentLogin -->
        <test-method status="PASS" signature="afterTest(org.testng.ITestResult)[pri:0, instance:com.SchoolOfDragons.QaLoginChecks.TestCase3@6767c1fc]" name="afterTest" is-config="true" duration-ms="2" started-at="2016-05-11T19:32:35Z" finished-at="2016-05-11T19:32:35Z">
          <params>
            <param index="0">
              <value>
                <![CDATA[[TestResult name=ValidNonAuthorisedParentLogin status=SUCCESS method=TestCase3.ValidNonAuthorisedParentLogin(java.lang.String)[pri:0, instance:com.SchoolOfDragons.QaLoginChecks.TestCase3@6767c1fc] output={null}]]]>
              </value>
            </param>
          </params>
          <reporter-output>
          </reporter-output>
        </test-method> <!-- afterTest -->
        <test-method status="PASS" signature="tearDown()[pri:0, instance:com.SchoolOfDragons.QaLoginChecks.TestCase3@6767c1fc]" name="tearDown" is-config="true" duration-ms="48" started-at="2016-05-11T19:32:35Z" finished-at="2016-05-11T19:32:35Z">
          <reporter-output>
          </reporter-output>
        </test-method> <!-- tearDown -->
      </class> <!-- com.SchoolOfDragons.QaLoginChecks.TestCase3 -->
      <class name="com.SchoolOfDragons.QaLoginChecks.TestCase4">
        <test-method status="PASS" signature="setUp()[pri:0, instance:com.SchoolOfDragons.QaLoginChecks.TestCase4@29ee9faa]" name="setUp" is-config="true" duration-ms="317" started-at="2016-05-11T19:32:35Z" finished-at="2016-05-11T19:32:35Z">
          <reporter-output>
          </reporter-output>
        </test-method> <!-- setUp -->
        <test-method status="PASS" signature="ValidNonAuthorisedPlayerLogin(java.lang.String)[pri:0, instance:com.SchoolOfDragons.QaLoginChecks.TestCase4@29ee9faa]" name="ValidNonAuthorisedPlayerLogin" duration-ms="73940" started-at="2016-05-11T19:32:35Z" finished-at="2016-05-11T19:33:49Z">
          <params>
            <param index="0">
              <value>
                <![CDATA[Live Test Cases]]>
              </value>
            </param>
          </params>
          <reporter-output>
          </reporter-output>
        </test-method> <!-- ValidNonAuthorisedPlayerLogin -->
        <test-method status="PASS" signature="tearDown()[pri:0, instance:com.SchoolOfDragons.QaLoginChecks.TestCase4@29ee9faa]" name="tearDown" is-config="true" duration-ms="44" started-at="2016-05-11T19:33:49Z" finished-at="2016-05-11T19:33:49Z">
          <reporter-output>
          </reporter-output>
        </test-method> <!-- tearDown -->
        <test-method status="PASS" signature="afterTest(org.testng.ITestResult)[pri:0, instance:com.SchoolOfDragons.QaLoginChecks.TestCase4@29ee9faa]" name="afterTest" is-config="true" duration-ms="0" started-at="2016-05-11T19:33:49Z" finished-at="2016-05-11T19:33:49Z">
          <params>
            <param index="0">
              <value>
                <![CDATA[[TestResult name=ValidNonAuthorisedPlayerLogin status=SUCCESS method=TestCase4.ValidNonAuthorisedPlayerLogin(java.lang.String)[pri:0, instance:com.SchoolOfDragons.QaLoginChecks.TestCase4@29ee9faa] output={null}]]]>
              </value>
            </param>
          </params>
          <reporter-output>
          </reporter-output>
        </test-method> <!-- afterTest -->
      </class> <!-- com.SchoolOfDragons.QaLoginChecks.TestCase4 -->
    </test> <!-- Live Tests -->
  </suite> <!-- Live Test Cases Suite -->
</testng-results>
