<?xml version="1.0" encoding="UTF-8"?>
<!-- Generated by org.testng.reporters.JUnitXMLReporter -->
<testsuite hostname="KAI-DT136" name="Live Tests" tests="4" failures="0" timestamp="11 May 2016 14:05:13 GMT" time="353.811" errors="0">
  <testcase name="ValidAuthorisedPlayerLogin" time="58.105" classname="com.SchoolOfDragons.QaLoginChecks.TestCase1"/>
  <testcase name="ValidAuthorisedParentLogin" time="57.881" classname="com.SchoolOfDragons.QaLoginChecks.TestCase2"/>
  <testcase name="ValidNonAuthorisedParentLogin" time="77.018" classname="com.SchoolOfDragons.QaLoginChecks.TestCase3"/>
  <testcase name="ValidNonAuthorisedPlayerLogin" time="73.94" classname="com.SchoolOfDragons.QaLoginChecks.TestCase4"/>
</testsuite> <!-- Live Tests -->
